<?xml version="1.0" encoding="UTF-8"?>
<testng-results skipped="0" failed="0" ignored="0" total="1" passed="1">
  <reporter-output>
  </reporter-output>
  <suite name="Default suite" duration-ms="25892" started-at="2017-12-02T17:23:09Z" finished-at="2017-12-02T17:23:35Z">
    <groups>
    </groups>
    <test name="Default test" duration-ms="25892" started-at="2017-12-02T17:23:09Z" finished-at="2017-12-02T17:23:35Z">
      <class name="alert.PopUp">
        <test-method status="PASS" signature="testPopUp()[pri:0, instance:alert.PopUp@280d9edc]" name="testPopUp" duration-ms="25841" started-at="2017-12-02T12:23:09Z" finished-at="2017-12-02T12:23:35Z">
          <reporter-output>
          </reporter-output>
        </test-method> <!-- testPopUp -->
      </class> <!-- alert.PopUp -->
    </test> <!-- Default test -->
  </suite> <!-- Default suite -->
</testng-results>
